<?xml version="1.0" encoding="UTF-8"?>
<!-- Generated by org.testng.reporters.JUnitXMLReporter -->
<testsuite ignored="0" hostname="BISWAJIT2000" failures="1" tests="1" name="Test" time="14.329" errors="0" timestamp="2023-08-10T10:59:14 IST">
  <testcase classname="io.cucumber.testng.AbstractTestNGCucumberTests" name="runScenario" time="13.686">
    <failure type="java.lang.AssertionError" message="expected [true] but found [false]">
      <![CDATA[java.lang.AssertionError: expected [true] but found [false]
at StepDefination.StepDeft.the_title_is_displayed(StepDeft.java:61)
at ✽.The title is displayed "IceWarp WebClient"(file:///C:/Users/biswa/eclipse-workspace/CucumberIshine/./Feature/LoginPage.feature:10)
... Removed 4 stack frames]]>
    </failure>
  </testcase> <!-- runScenario -->
</testsuite> <!-- Test -->
