<?xml version="1.0" encoding="UTF-8"?>
<!-- Generated by org.testng.reporters.JUnitReportReporter -->
<testsuite hostname="BISWAJIT2000" failures="1" tests="1" name="TestRunner.Run" time="13.686" errors="0" timestamp="2023-08-10T10:59:14 IST" skipped="0">
  <testcase classname="TestRunner.Run" name="runScenario" time="13.686">
    <failure message="expected [true] but found [false]" type="java.lang.AssertionError">
      <![CDATA[java.lang.AssertionError: expected [true] but found [false]
at org.testng.Assert.fail(Assert.java:110)
at org.testng.Assert.failNotEquals(Assert.java:1413)
at org.testng.Assert.assertTrue(Assert.java:56)
at org.testng.Assert.assertTrue(Assert.java:66)
at StepDefination.StepDeft.the_title_is_displayed(StepDeft.java:61)
at ✽.The title is displayed "IceWarp WebClient"(file:///C:/Users/biswa/eclipse-workspace/CucumberIshine/./Feature/LoginPage.feature:10)
]]>
    </failure>
  </testcase> <!-- runScenario -->
  <system-out/>
</testsuite> <!-- TestRunner.Run -->
